2026-01-20 00:00:34,914 [INFO] UtilMem:75 - End SaveConfig() Used Memory: 632894152 Bytes (975175680)
2026-01-20 00:00:36,708 [INFO] UtilMem:75 - End SaveConfig() Used Memory: 677982920 Bytes (975175680)
2026-01-20 00:00:38,406 [INFO] UtilMem:75 - End SaveConfig() Used Memory: 743516872 Bytes (975175680)
2026-01-20 00:00:38,851 [INFO] BlockDiagram:2775 - set Specific Code input for plugin: SYS
2026-01-20 00:00:38,851 [INFO] BlockDiagram:2775 - set Specific Code input for plugin: RCC
2026-01-20 00:00:38,851 [INFO] BlockDiagram:2775 - set Specific Code input for plugin: NVIC
2026-01-20 00:00:38,852 [INFO] BlockDiagram:2775 - set Specific Code input for plugin: USART
2026-01-20 00:00:38,853 [INFO] BlockDiagram:2775 - set Specific Code input for plugin: GPIO
2026-01-20 00:00:38,854 [INFO] CodeGenerator:892 - code generatio: config db path: D:\InstalledSoftware\ST\STM32CubeIDE_1.19.0\STM32CubeIDE\plugins\com.st.stm32cube.common.mx_6.15.0.202507011659\\db\
2026-01-20 00:00:38,991 [INFO] CodeEngine:265 - oldGeneratedFile, D:\InstalledSoftware\ST\STM32CubeIDE_1.19.0\Projects\stm32fun\f446re_c04_blink\MXTmpFiles\license.tmp_save
2026-01-20 00:00:39,320 [INFO] CodeEngine:289 - Generated code: D:\InstalledSoftware\ST\STM32CubeIDE_1.19.0\Projects\stm32fun\f446re_c04_blink\MXTmpFiles\license.tmp
2026-01-20 00:00:39,364 [INFO] CodeEngine:265 - oldGeneratedFile, D:\InstalledSoftware\ST\STM32CubeIDE_1.19.0\Projects\stm32fun\f446re_c04_blink\MXTmpFiles\gpio.tmp_save
2026-01-20 00:00:39,504 [INFO] CodeEngine:289 - Generated code: D:\InstalledSoftware\ST\STM32CubeIDE_1.19.0\Projects\stm32fun\f446re_c04_blink\MXTmpFiles\gpio.tmp
2026-01-20 00:00:39,593 [INFO] CodeEngine:265 - oldGeneratedFile, D:\InstalledSoftware\ST\STM32CubeIDE_1.19.0\Projects\stm32fun\f446re_c04_blink\Core\Src\stm32f4xx_it.c_save
2026-01-20 00:00:39,837 [INFO] CodeEngine:289 - Generated code: D:\InstalledSoftware\ST\STM32CubeIDE_1.19.0\Projects\stm32fun\f446re_c04_blink\Core\Src\stm32f4xx_it.c
2026-01-20 00:00:39,842 [INFO] CodeEngine:265 - oldGeneratedFile, D:\InstalledSoftware\ST\STM32CubeIDE_1.19.0\Projects\stm32fun\f446re_c04_blink\Core\Inc\stm32f4xx_it.h_save
2026-01-20 00:00:39,914 [INFO] CodeEngine:289 - Generated code: D:\InstalledSoftware\ST\STM32CubeIDE_1.19.0\Projects\stm32fun\f446re_c04_blink\Core\Inc\stm32f4xx_it.h
2026-01-20 00:00:39,926 [INFO] CodeEngine:265 - oldGeneratedFile, D:\InstalledSoftware\ST\STM32CubeIDE_1.19.0\Projects\stm32fun\f446re_c04_blink\Core\Src\stm32f4xx_hal_msp.c_save
2026-01-20 00:00:40,049 [INFO] CodeEngine:289 - Generated code: D:\InstalledSoftware\ST\STM32CubeIDE_1.19.0\Projects\stm32fun\f446re_c04_blink\Core\Src\stm32f4xx_hal_msp.c
2026-01-20 00:00:40,053 [INFO] CodeEngine:265 - oldGeneratedFile, D:\InstalledSoftware\ST\STM32CubeIDE_1.19.0\Projects\stm32fun\f446re_c04_blink\MXTmpFiles\system.tmp_save
2026-01-20 00:00:40,115 [INFO] CodeEngine:289 - Generated code: D:\InstalledSoftware\ST\STM32CubeIDE_1.19.0\Projects\stm32fun\f446re_c04_blink\MXTmpFiles\system.tmp
2026-01-20 00:00:40,129 [INFO] CodeEngine:321 - oldGeneratedFile, D:\InstalledSoftware\ST\STM32CubeIDE_1.19.0\Projects\stm32fun\f446re_c04_blink\Core\Inc\stm32f4xx_hal_conf.h_save
2026-01-20 00:00:40,202 [INFO] CodeEngine:345 - Generated code: D:\InstalledSoftware\ST\STM32CubeIDE_1.19.0\Projects\stm32fun\f446re_c04_blink\Core\Inc\stm32f4xx_hal_conf.h
2026-01-20 00:00:40,239 [WARN] IPConfigManager:3238 - Warning: the RefConfig PLL2P_FOR_MCO is not available in your config.xml file
2026-01-20 00:00:40,252 [INFO] CodeEngine:265 - oldGeneratedFile, D:\InstalledSoftware\ST\STM32CubeIDE_1.19.0\Projects\stm32fun\f446re_c04_blink\Core\Inc\main.h_save
2026-01-20 00:00:40,377 [INFO] CodeEngine:289 - Generated code: D:\InstalledSoftware\ST\STM32CubeIDE_1.19.0\Projects\stm32fun\f446re_c04_blink\Core\Inc\main.h
2026-01-20 00:00:40,384 [INFO] CodeEngine:265 - oldGeneratedFile, D:\InstalledSoftware\ST\STM32CubeIDE_1.19.0\Projects\stm32fun\f446re_c04_blink\Core\Src\main.c_save
2026-01-20 00:00:40,517 [INFO] CodeEngine:289 - Generated code: D:\InstalledSoftware\ST\STM32CubeIDE_1.19.0\Projects\stm32fun\f446re_c04_blink\Core\Src\main.c
2026-01-20 00:00:40,850 [INFO] ProjectBuilder:3606 - Time for Copy HAL[1] : 169mS.
2026-01-20 00:00:40,854 [INFO] ProjectBuilder:5216 - Project Generator version: 4.7.0-B52
2026-01-20 00:00:40,933 [INFO] ConfigFileManager:1595 - The Die is : DIE421
2026-01-20 00:00:41,837 [INFO] ProjectBuilder:5496 - Time for Generating toolchain IDE Files: 983mS.
2026-01-20 00:00:41,838 [INFO] ProjectBuilder:3463 - Time for Copy CMSIS : 1mS.
2026-01-20 00:00:41,840 [INFO] ProjectBuilder:3463 - Time for Copy CMSIS : 0mS.
2026-01-20 00:05:22,154 [INFO] UtilMem:75 - End SaveConfig() Used Memory: 445911592 Bytes (975175680)
2026-01-20 00:05:23,557 [INFO] UtilMem:75 - End SaveConfig() Used Memory: 491000360 Bytes (975175680)
2026-01-20 00:05:26,009 [INFO] UtilMem:75 - End SaveConfig() Used Memory: 600052264 Bytes (975175680)
2026-01-20 00:05:26,182 [INFO] BlockDiagram:2775 - set Specific Code input for plugin: SYS
2026-01-20 00:05:26,182 [INFO] BlockDiagram:2775 - set Specific Code input for plugin: RCC
2026-01-20 00:05:26,183 [INFO] BlockDiagram:2775 - set Specific Code input for plugin: NVIC
2026-01-20 00:05:26,183 [INFO] BlockDiagram:2775 - set Specific Code input for plugin: USART
2026-01-20 00:05:26,184 [INFO] BlockDiagram:2775 - set Specific Code input for plugin: GPIO
2026-01-20 00:05:26,186 [INFO] CodeGenerator:892 - code generatio: config db path: D:\InstalledSoftware\ST\STM32CubeIDE_1.19.0\STM32CubeIDE\plugins\com.st.stm32cube.common.mx_6.15.0.202507011659\\db\
2026-01-20 00:05:26,303 [INFO] CodeEngine:265 - oldGeneratedFile, D:\InstalledSoftware\ST\STM32CubeIDE_1.19.0\Projects\stm32fun\f446re_c04_blink\MXTmpFiles\license.tmp_save
2026-01-20 00:05:26,366 [INFO] CodeEngine:289 - Generated code: D:\InstalledSoftware\ST\STM32CubeIDE_1.19.0\Projects\stm32fun\f446re_c04_blink\MXTmpFiles\license.tmp
2026-01-20 00:05:26,392 [INFO] CodeEngine:265 - oldGeneratedFile, D:\InstalledSoftware\ST\STM32CubeIDE_1.19.0\Projects\stm32fun\f446re_c04_blink\MXTmpFiles\gpio.tmp_save
2026-01-20 00:05:26,457 [INFO] CodeEngine:289 - Generated code: D:\InstalledSoftware\ST\STM32CubeIDE_1.19.0\Projects\stm32fun\f446re_c04_blink\MXTmpFiles\gpio.tmp
2026-01-20 00:05:26,517 [INFO] CodeEngine:265 - oldGeneratedFile, D:\InstalledSoftware\ST\STM32CubeIDE_1.19.0\Projects\stm32fun\f446re_c04_blink\Core\Src\stm32f4xx_it.c_save
2026-01-20 00:05:26,601 [INFO] CodeEngine:289 - Generated code: D:\InstalledSoftware\ST\STM32CubeIDE_1.19.0\Projects\stm32fun\f446re_c04_blink\Core\Src\stm32f4xx_it.c
2026-01-20 00:05:26,608 [INFO] CodeEngine:265 - oldGeneratedFile, D:\InstalledSoftware\ST\STM32CubeIDE_1.19.0\Projects\stm32fun\f446re_c04_blink\Core\Inc\stm32f4xx_it.h_save
2026-01-20 00:05:26,671 [INFO] CodeEngine:289 - Generated code: D:\InstalledSoftware\ST\STM32CubeIDE_1.19.0\Projects\stm32fun\f446re_c04_blink\Core\Inc\stm32f4xx_it.h
2026-01-20 00:05:26,683 [INFO] CodeEngine:265 - oldGeneratedFile, D:\InstalledSoftware\ST\STM32CubeIDE_1.19.0\Projects\stm32fun\f446re_c04_blink\Core\Src\stm32f4xx_hal_msp.c_save
2026-01-20 00:05:26,763 [INFO] CodeEngine:289 - Generated code: D:\InstalledSoftware\ST\STM32CubeIDE_1.19.0\Projects\stm32fun\f446re_c04_blink\Core\Src\stm32f4xx_hal_msp.c
2026-01-20 00:05:26,769 [INFO] CodeEngine:265 - oldGeneratedFile, D:\InstalledSoftware\ST\STM32CubeIDE_1.19.0\Projects\stm32fun\f446re_c04_blink\MXTmpFiles\system.tmp_save
2026-01-20 00:05:26,822 [INFO] CodeEngine:289 - Generated code: D:\InstalledSoftware\ST\STM32CubeIDE_1.19.0\Projects\stm32fun\f446re_c04_blink\MXTmpFiles\system.tmp
2026-01-20 00:05:26,832 [INFO] CodeEngine:321 - oldGeneratedFile, D:\InstalledSoftware\ST\STM32CubeIDE_1.19.0\Projects\stm32fun\f446re_c04_blink\Core\Inc\stm32f4xx_hal_conf.h_save
2026-01-20 00:05:26,885 [INFO] CodeEngine:345 - Generated code: D:\InstalledSoftware\ST\STM32CubeIDE_1.19.0\Projects\stm32fun\f446re_c04_blink\Core\Inc\stm32f4xx_hal_conf.h
2026-01-20 00:05:26,899 [WARN] IPConfigManager:3238 - Warning: the RefConfig PLL2P_FOR_MCO is not available in your config.xml file
2026-01-20 00:05:26,915 [INFO] CodeEngine:265 - oldGeneratedFile, D:\InstalledSoftware\ST\STM32CubeIDE_1.19.0\Projects\stm32fun\f446re_c04_blink\Core\Inc\main.h_save
2026-01-20 00:05:26,972 [INFO] CodeEngine:289 - Generated code: D:\InstalledSoftware\ST\STM32CubeIDE_1.19.0\Projects\stm32fun\f446re_c04_blink\Core\Inc\main.h
2026-01-20 00:05:26,976 [INFO] CodeEngine:265 - oldGeneratedFile, D:\InstalledSoftware\ST\STM32CubeIDE_1.19.0\Projects\stm32fun\f446re_c04_blink\Core\Src\main.c_save
2026-01-20 00:05:27,062 [INFO] CodeEngine:289 - Generated code: D:\InstalledSoftware\ST\STM32CubeIDE_1.19.0\Projects\stm32fun\f446re_c04_blink\Core\Src\main.c
2026-01-20 00:05:27,418 [INFO] ProjectBuilder:3606 - Time for Copy HAL[1] : 203mS.
2026-01-20 00:05:27,420 [INFO] ProjectBuilder:5216 - Project Generator version: 4.7.0-B52
2026-01-20 00:05:27,491 [INFO] ConfigFileManager:1595 - The Die is : DIE421
2026-01-20 00:05:28,165 [INFO] ProjectBuilder:5496 - Time for Generating toolchain IDE Files: 745mS.
2026-01-20 00:05:28,166 [INFO] ProjectBuilder:3463 - Time for Copy CMSIS : 1mS.
2026-01-20 00:05:28,168 [INFO] ProjectBuilder:3463 - Time for Copy CMSIS : 0mS.
2026-01-20 00:11:33,059 [INFO] UtilMem:75 - End SaveConfig() Used Memory: 523249888 Bytes (975175680)
2026-01-20 00:11:34,386 [INFO] UtilMem:75 - End SaveConfig() Used Memory: 562573536 Bytes (975175680)
2026-01-20 00:12:44,177 [INFO] UtilMem:75 - End SaveConfig() Used Memory: 849478304 Bytes (975175680)
2026-01-20 00:12:44,419 [INFO] BlockDiagram:2775 - set Specific Code input for plugin: SYS
2026-01-20 00:12:44,419 [INFO] BlockDiagram:2775 - set Specific Code input for plugin: RCC
2026-01-20 00:12:44,419 [INFO] BlockDiagram:2775 - set Specific Code input for plugin: NVIC
2026-01-20 00:12:44,419 [INFO] BlockDiagram:2775 - set Specific Code input for plugin: USART
2026-01-20 00:12:44,419 [INFO] BlockDiagram:2775 - set Specific Code input for plugin: GPIO
2026-01-20 00:12:44,420 [INFO] CodeGenerator:892 - code generatio: config db path: D:\InstalledSoftware\ST\STM32CubeIDE_1.19.0\STM32CubeIDE\plugins\com.st.stm32cube.common.mx_6.15.0.202507011659\\db\
2026-01-20 00:12:44,491 [INFO] CodeEngine:265 - oldGeneratedFile, D:\InstalledSoftware\ST\STM32CubeIDE_1.19.0\Projects\stm32fun\f446re_c04_blink\MXTmpFiles\license.tmp_save
2026-01-20 00:12:44,529 [INFO] CodeEngine:289 - Generated code: D:\InstalledSoftware\ST\STM32CubeIDE_1.19.0\Projects\stm32fun\f446re_c04_blink\MXTmpFiles\license.tmp
2026-01-20 00:12:44,539 [INFO] CodeEngine:265 - oldGeneratedFile, D:\InstalledSoftware\ST\STM32CubeIDE_1.19.0\Projects\stm32fun\f446re_c04_blink\MXTmpFiles\gpio.tmp_save
2026-01-20 00:12:44,585 [INFO] CodeEngine:289 - Generated code: D:\InstalledSoftware\ST\STM32CubeIDE_1.19.0\Projects\stm32fun\f446re_c04_blink\MXTmpFiles\gpio.tmp
2026-01-20 00:12:44,621 [INFO] CodeEngine:265 - oldGeneratedFile, D:\InstalledSoftware\ST\STM32CubeIDE_1.19.0\Projects\stm32fun\f446re_c04_blink\Core\Src\stm32f4xx_it.c_save
2026-01-20 00:12:44,664 [INFO] CodeEngine:289 - Generated code: D:\InstalledSoftware\ST\STM32CubeIDE_1.19.0\Projects\stm32fun\f446re_c04_blink\Core\Src\stm32f4xx_it.c
2026-01-20 00:12:44,670 [INFO] CodeEngine:265 - oldGeneratedFile, D:\InstalledSoftware\ST\STM32CubeIDE_1.19.0\Projects\stm32fun\f446re_c04_blink\Core\Inc\stm32f4xx_it.h_save
2026-01-20 00:12:44,715 [INFO] CodeEngine:289 - Generated code: D:\InstalledSoftware\ST\STM32CubeIDE_1.19.0\Projects\stm32fun\f446re_c04_blink\Core\Inc\stm32f4xx_it.h
2026-01-20 00:12:44,728 [INFO] CodeEngine:265 - oldGeneratedFile, D:\InstalledSoftware\ST\STM32CubeIDE_1.19.0\Projects\stm32fun\f446re_c04_blink\Core\Src\stm32f4xx_hal_msp.c_save
2026-01-20 00:12:44,813 [INFO] CodeEngine:289 - Generated code: D:\InstalledSoftware\ST\STM32CubeIDE_1.19.0\Projects\stm32fun\f446re_c04_blink\Core\Src\stm32f4xx_hal_msp.c
2026-01-20 00:12:44,817 [INFO] CodeEngine:265 - oldGeneratedFile, D:\InstalledSoftware\ST\STM32CubeIDE_1.19.0\Projects\stm32fun\f446re_c04_blink\MXTmpFiles\system.tmp_save
2026-01-20 00:12:44,853 [INFO] CodeEngine:289 - Generated code: D:\InstalledSoftware\ST\STM32CubeIDE_1.19.0\Projects\stm32fun\f446re_c04_blink\MXTmpFiles\system.tmp
2026-01-20 00:12:44,860 [INFO] CodeEngine:321 - oldGeneratedFile, D:\InstalledSoftware\ST\STM32CubeIDE_1.19.0\Projects\stm32fun\f446re_c04_blink\Core\Inc\stm32f4xx_hal_conf.h_save
2026-01-20 00:12:44,898 [INFO] CodeEngine:345 - Generated code: D:\InstalledSoftware\ST\STM32CubeIDE_1.19.0\Projects\stm32fun\f446re_c04_blink\Core\Inc\stm32f4xx_hal_conf.h
2026-01-20 00:12:44,912 [WARN] IPConfigManager:3238 - Warning: the RefConfig PLL2P_FOR_MCO is not available in your config.xml file
2026-01-20 00:12:44,921 [INFO] CodeEngine:265 - oldGeneratedFile, D:\InstalledSoftware\ST\STM32CubeIDE_1.19.0\Projects\stm32fun\f446re_c04_blink\Core\Inc\main.h_save
2026-01-20 00:12:44,969 [INFO] CodeEngine:289 - Generated code: D:\InstalledSoftware\ST\STM32CubeIDE_1.19.0\Projects\stm32fun\f446re_c04_blink\Core\Inc\main.h
2026-01-20 00:12:44,972 [INFO] CodeEngine:265 - oldGeneratedFile, D:\InstalledSoftware\ST\STM32CubeIDE_1.19.0\Projects\stm32fun\f446re_c04_blink\Core\Src\main.c_save
2026-01-20 00:12:45,019 [INFO] CodeEngine:289 - Generated code: D:\InstalledSoftware\ST\STM32CubeIDE_1.19.0\Projects\stm32fun\f446re_c04_blink\Core\Src\main.c
2026-01-20 00:12:45,259 [INFO] ProjectBuilder:3606 - Time for Copy HAL[1] : 147mS.
2026-01-20 00:12:45,261 [INFO] ProjectBuilder:5216 - Project Generator version: 4.7.0-B52
2026-01-20 00:12:45,321 [INFO] ConfigFileManager:1595 - The Die is : DIE421
2026-01-20 00:12:45,871 [INFO] ProjectBuilder:5496 - Time for Generating toolchain IDE Files: 610mS.
2026-01-20 00:12:45,872 [INFO] ProjectBuilder:3463 - Time for Copy CMSIS : 1mS.
2026-01-20 00:12:45,873 [INFO] ProjectBuilder:3463 - Time for Copy CMSIS : 0mS.
2026-01-20 00:14:27,548 [INFO] WebApp:194 - Connection lost
2026-01-20 00:14:27,923 [INFO] WebApp:191 - Connection restablished
2026-01-20 00:16:33,550 [INFO] WebApp:194 - Connection lost
2026-01-20 00:16:33,870 [INFO] WebApp:191 - Connection restablished
